全频率表:
a:  6  0.0414
b:  8  0.0552
c:  5  0.0345
d:  4  0.0276
e:  3  0.0207
f:  6  0.0414
g:  3  0.0207
h:  5  0.0345
i:  5  0.0345
j:  5  0.0345
k:  7  0.0483
l:  9  0.0621
m:  3  0.0207
n:  3  0.0207
o:  7  0.0483
p:  1  0.0069
q:  5  0.0345
r:  9  0.0621
s:  4  0.0276
t:  3  0.0207
u:  2  0.0138
v:  4  0.0276
w:  3  0.0207
x:  4  0.0276
y:  0  0.0000
z:  3  0.0207
0:  1  0.0069
1:  3  0.0207
2:  1  0.0069
3:  1  0.0069
4:  2  0.0138
5:  3  0.0207
6:  4  0.0276
7:  3  0.0207
8:  3  0.0207
9:  7  0.0483
降序频率统计表:
l:  9  0.0621
r:  9  0.0621
b:  8  0.0552
k:  7  0.0483
o:  7  0.0483
9:  7  0.0483
a:  6  0.0414
f:  6  0.0414
c:  5  0.0345
h:  5  0.0345
i:  5  0.0345
j:  5  0.0345
q:  5  0.0345
d:  4  0.0276
s:  4  0.0276
v:  4  0.0276
x:  4  0.0276
6:  4  0.0276
e:  3  0.0207
g:  3  0.0207
m:  3  0.0207
n:  3  0.0207
t:  3  0.0207
w:  3  0.0207
z:  3  0.0207
1:  3  0.0207
5:  3  0.0207
7:  3  0.0207
8:  3  0.0207
u:  2  0.0138
4:  2  0.0138
p:  1  0.0069
0:  1  0.0069
2:  1  0.0069
3:  1  0.0069
